<?xml version="1.0" encoding="UTF-8"?>
<testsuite xmlns:xsi="http://www.w3.org/2001/XMLSchema-instance" xsi:noNamespaceSchemaLocation="https://maven.apache.org/surefire/maven-surefire-plugin/xsd/surefire-test-report-3.0.xsd" version="3.0" name="com.example.wedding.WeddingPlannerApplicationTests" time="8.412" tests="1" errors="0" skipped="0" failures="0">
  <properties>
[...]
</properties>
  <testcase name="contextLoads" classname="com.example.wedding.WeddingPlannerApplicationTests" time="0.856">
    <system-out><![CDATA[21:20:47.840 [main] INFO org.springframework.test.context.support.AnnotationConfigContextLoaderUtils -- Could not detect default configuration classes for test class [com.example.wedding.WeddingPlannerApplicationTests]: WeddingPlannerApplicationTests does not declare any static, non-private, non-final, nested classes annotated with @Configuration.
21:20:47.975 [main] INFO org.springframework.boot.test.context.SpringBootTestContextBootstrapper -- Found @SpringBootConfiguration com.example.wedding.WeddingPlannerApplication for test class com.example.wedding.WeddingPlannerApplicationTests
21:20:48.170 [main] INFO org.springframework.boot.devtools.restart.RestartApplicationListener -- Restart disabled due to context in which it is running

  .   ____          _            __ _ _
 /\\ / ___'_ __ _ _(_)_ __  __ _ \ \ \ \
( ( )\___ | '_ | '_| | '_ \/ _` | \ \ \ \
 \\/  ___)| |_)| | | | | || (_| |  ) ) ) )
  '  |____| .__|_| |_|_| |_\__, | / / / /
 =========|_|==============|___/=/_/_/_/
 :: Spring Boot ::                (v3.2.3)

2025-05-26T21:20:48.487+08:00  INFO 27456 --- [WeddingPlanner] [           main] c.e.w.WeddingPlannerApplicationTests     : Starting WeddingPlannerApplicationTests using Java 23.0.1 with PID 27456 (started by ryll in C:\Users\ryll\Desktop\appdev-final\WeddingPlanner)
2025-05-26T21:20:48.489+08:00  INFO 27456 --- [WeddingPlanner] [           main] c.e.w.WeddingPlannerApplicationTests     : No active profile set, falling back to 1 default profile: "default"
2025-05-26T21:20:49.461+08:00  INFO 27456 --- [WeddingPlanner] [           main] .s.d.r.c.RepositoryConfigurationDelegate : Bootstrapping Spring Data JPA repositories in DEFAULT mode.
2025-05-26T21:20:49.565+08:00  INFO 27456 --- [WeddingPlanner] [           main] .s.d.r.c.RepositoryConfigurationDelegate : Finished Spring Data repository scanning in 93 ms. Found 13 JPA repository interfaces.
2025-05-26T21:20:50.242+08:00  INFO 27456 --- [WeddingPlanner] [           main] o.hibernate.jpa.internal.util.LogHelper  : HHH000204: Processing PersistenceUnitInfo [name: default]
2025-05-26T21:20:50.335+08:00  INFO 27456 --- [WeddingPlanner] [           main] org.hibernate.Version                    : HHH000412: Hibernate ORM core version 6.4.4.Final
2025-05-26T21:20:50.388+08:00  INFO 27456 --- [WeddingPlanner] [           main] o.h.c.internal.RegionFactoryInitiator    : HHH000026: Second-level cache disabled
2025-05-26T21:20:50.721+08:00  INFO 27456 --- [WeddingPlanner] [           main] o.s.o.j.p.SpringPersistenceUnitInfo      : No LoadTimeWeaver setup: ignoring JPA class transformer
2025-05-26T21:20:50.771+08:00  INFO 27456 --- [WeddingPlanner] [           main] com.zaxxer.hikari.HikariDataSource       : HikariPool-1 - Starting...
2025-05-26T21:20:50.983+08:00  INFO 27456 --- [WeddingPlanner] [           main] com.zaxxer.hikari.pool.HikariPool        : HikariPool-1 - Added connection com.mysql.cj.jdbc.ConnectionImpl@5aa6da2
2025-05-26T21:20:50.986+08:00  INFO 27456 --- [WeddingPlanner] [           main] com.zaxxer.hikari.HikariDataSource       : HikariPool-1 - Start completed.
2025-05-26T21:20:51.044+08:00  WARN 27456 --- [WeddingPlanner] [           main] org.hibernate.dialect.Dialect            : HHH000511: The 5.5.0 version for [org.hibernate.dialect.MySQLDialect] is no longer supported, hence certain features may not work properly. The minimum supported version is 8.0.0. Check the community dialects project for available legacy versions.
2025-05-26T21:20:52.423+08:00  INFO 27456 --- [WeddingPlanner] [           main] o.h.e.t.j.p.i.JtaPlatformInitiator       : HHH000489: No JTA platform available (set 'hibernate.transaction.jta.platform' to enable JTA platform integration)
2025-05-26T21:20:52.610+08:00  INFO 27456 --- [WeddingPlanner] [           main] j.LocalContainerEntityManagerFactoryBean : Initialized JPA EntityManagerFactory for persistence unit 'default'
2025-05-26T21:20:53.014+08:00  INFO 27456 --- [WeddingPlanner] [           main] o.s.d.j.r.query.QueryEnhancerFactory     : Hibernate is in classpath; If applicable, HQL parser will be used.
2025-05-26T21:20:54.088+08:00  WARN 27456 --- [WeddingPlanner] [           main] JpaBaseConfiguration$JpaWebConfiguration : spring.jpa.open-in-view is enabled by default. Therefore, database queries may be performed during view rendering. Explicitly configure spring.jpa.open-in-view to disable this warning
2025-05-26T21:20:54.116+08:00  WARN 27456 --- [WeddingPlanner] [           main] .s.s.UserDetailsServiceAutoConfiguration : 

Using generated security password: 0b7bbb25-02ca-454e-a910-b9465c1274fc

This generated password is for development use only. Your security configuration must be updated before running your application in production.

2025-05-26T21:20:54.229+08:00  INFO 27456 --- [WeddingPlanner] [           main] o.s.b.a.w.s.WelcomePageHandlerMapping    : Adding welcome page template: index
2025-05-26T21:20:54.570+08:00  INFO 27456 --- [WeddingPlanner] [           main] o.s.s.web.DefaultSecurityFilterChain     : Will secure any request with [org.springframework.security.web.session.DisableEncodeUrlFilter@3fb8e8cf, org.springframework.security.web.context.request.async.WebAsyncManagerIntegrationFilter@4483e237, org.springframework.security.web.context.SecurityContextHolderFilter@32950acc, org.springframework.security.web.header.HeaderWriterFilter@76b06e50, org.springframework.web.filter.CorsFilter@6466e599, org.springframework.security.web.authentication.logout.LogoutFilter@1e686da2, org.springframework.security.web.authentication.UsernamePasswordAuthenticationFilter@68fce3e5, org.springframework.security.web.savedrequest.RequestCacheAwareFilter@cf822a6, org.springframework.security.web.servletapi.SecurityContextHolderAwareRequestFilter@2fb36d8d, org.springframework.security.web.authentication.AnonymousAuthenticationFilter@721384e0, org.springframework.security.web.access.ExceptionTranslationFilter@1215982f, org.springframework.security.web.access.intercept.AuthorizationFilter@411c5fa2]
2025-05-26T21:20:55.169+08:00  INFO 27456 --- [WeddingPlanner] [           main] c.e.w.WeddingPlannerApplicationTests     : Started WeddingPlannerApplicationTests in 7.014 seconds (process running for 8.177)
2025-05-26T21:20:55.355+08:00 DEBUG 27456 --- [WeddingPlanner] [   scheduling-1] org.hibernate.SQL                        : select p1_0.id,p1_0.best_man,p1_0.bride,p1_0.groom,p1_0.maid_of_honor,p1_0.organizer,p1_0.projectName,p1_0.status,p1_0.weddingDate from project p1_0
Hibernate: select p1_0.id,p1_0.best_man,p1_0.bride,p1_0.groom,p1_0.maid_of_honor,p1_0.organizer,p1_0.projectName,p1_0.status,p1_0.weddingDate from project p1_0
2025-05-26T21:20:55.383+08:00 DEBUG 27456 --- [WeddingPlanner] [   scheduling-1] org.hibernate.SQL                        : select u1_0.id,u1_0.createdAt,u1_0.email,u1_0.firstName,u1_0.lastName,u1_0.password,u1_0.role,u1_0.updatedAt,u1_0.verified from users u1_0 where u1_0.id=?
Hibernate: select u1_0.id,u1_0.createdAt,u1_0.email,u1_0.firstName,u1_0.lastName,u1_0.password,u1_0.role,u1_0.updatedAt,u1_0.verified from users u1_0 where u1_0.id=?
2025-05-26T21:20:55.422+08:00 DEBUG 27456 --- [WeddingPlanner] [   scheduling-1] org.hibernate.SQL                        : select u1_0.id,u1_0.createdAt,u1_0.email,u1_0.firstName,u1_0.lastName,u1_0.password,u1_0.role,u1_0.updatedAt,u1_0.verified from users u1_0 where u1_0.id=?
Hibernate: select u1_0.id,u1_0.createdAt,u1_0.email,u1_0.firstName,u1_0.lastName,u1_0.password,u1_0.role,u1_0.updatedAt,u1_0.verified from users u1_0 where u1_0.id=?
2025-05-26T21:20:55.426+08:00 DEBUG 27456 --- [WeddingPlanner] [   scheduling-1] org.hibernate.SQL                        : select u1_0.id,u1_0.createdAt,u1_0.email,u1_0.firstName,u1_0.lastName,u1_0.password,u1_0.role,u1_0.updatedAt,u1_0.verified from users u1_0 where u1_0.id=?
Hibernate: select u1_0.id,u1_0.createdAt,u1_0.email,u1_0.firstName,u1_0.lastName,u1_0.password,u1_0.role,u1_0.updatedAt,u1_0.verified from users u1_0 where u1_0.id=?
2025-05-26T21:20:55.429+08:00 DEBUG 27456 --- [WeddingPlanner] [   scheduling-1] org.hibernate.SQL                        : select u1_0.id,u1_0.createdAt,u1_0.email,u1_0.firstName,u1_0.lastName,u1_0.password,u1_0.role,u1_0.updatedAt,u1_0.verified from users u1_0 where u1_0.id=?
Hibernate: select u1_0.id,u1_0.createdAt,u1_0.email,u1_0.firstName,u1_0.lastName,u1_0.password,u1_0.role,u1_0.updatedAt,u1_0.verified from users u1_0 where u1_0.id=?
2025-05-26T21:20:55.432+08:00 DEBUG 27456 --- [WeddingPlanner] [   scheduling-1] org.hibernate.SQL                        : select u1_0.id,u1_0.createdAt,u1_0.email,u1_0.firstName,u1_0.lastName,u1_0.password,u1_0.role,u1_0.updatedAt,u1_0.verified from users u1_0 where u1_0.id=?
Hibernate: select u1_0.id,u1_0.createdAt,u1_0.email,u1_0.firstName,u1_0.lastName,u1_0.password,u1_0.role,u1_0.updatedAt,u1_0.verified from users u1_0 where u1_0.id=?
2025-05-26T21:20:55.434+08:00 DEBUG 27456 --- [WeddingPlanner] [   scheduling-1] org.hibernate.SQL                        : select u1_0.id,u1_0.createdAt,u1_0.email,u1_0.firstName,u1_0.lastName,u1_0.password,u1_0.role,u1_0.updatedAt,u1_0.verified from users u1_0 where u1_0.id=?
Hibernate: select u1_0.id,u1_0.createdAt,u1_0.email,u1_0.firstName,u1_0.lastName,u1_0.password,u1_0.role,u1_0.updatedAt,u1_0.verified from users u1_0 where u1_0.id=?
2025-05-26T21:20:55.437+08:00 DEBUG 27456 --- [WeddingPlanner] [   scheduling-1] org.hibernate.SQL                        : select u1_0.id,u1_0.createdAt,u1_0.email,u1_0.firstName,u1_0.lastName,u1_0.password,u1_0.role,u1_0.updatedAt,u1_0.verified from users u1_0 where u1_0.id=?
Hibernate: select u1_0.id,u1_0.createdAt,u1_0.email,u1_0.firstName,u1_0.lastName,u1_0.password,u1_0.role,u1_0.updatedAt,u1_0.verified from users u1_0 where u1_0.id=?
2025-05-26T21:20:55.439+08:00 DEBUG 27456 --- [WeddingPlanner] [   scheduling-1] org.hibernate.SQL                        : select u1_0.id,u1_0.createdAt,u1_0.email,u1_0.firstName,u1_0.lastName,u1_0.password,u1_0.role,u1_0.updatedAt,u1_0.verified from users u1_0 where u1_0.id=?
Hibernate: select u1_0.id,u1_0.createdAt,u1_0.email,u1_0.firstName,u1_0.lastName,u1_0.password,u1_0.role,u1_0.updatedAt,u1_0.verified from users u1_0 where u1_0.id=?
2025-05-26T21:20:55.478+08:00 DEBUG 27456 --- [WeddingPlanner] [   scheduling-1] org.hibernate.SQL                        : select p1_0.id,bm1_0.id,bm1_0.createdAt,bm1_0.email,bm1_0.firstName,bm1_0.lastName,bm1_0.password,bm1_0.role,bm1_0.updatedAt,bm1_0.verified,g1_0.added_by,g1_0.guestId,g1_0.email,g1_0.entourage,g1_0.name,g1_0.phone,g1_0.projectId,g1_0.remarks,g1_0.rsvp,g1_0.title,p1_0.bride,b1_0.id,b1_0.createdAt,b1_0.email,b1_0.firstName,b1_0.lastName,b1_0.password,b1_0.role,b1_0.updatedAt,b1_0.verified,p1_0.groom,g2_0.id,g2_0.createdAt,g2_0.email,g2_0.firstName,g2_0.lastName,g2_0.password,g2_0.role,g2_0.updatedAt,g2_0.verified,moh1_0.id,moh1_0.createdAt,moh1_0.email,moh1_0.firstName,moh1_0.lastName,moh1_0.password,moh1_0.role,moh1_0.updatedAt,moh1_0.verified,o1_0.id,o1_0.createdAt,o1_0.email,o1_0.firstName,o1_0.lastName,o1_0.password,o1_0.role,o1_0.updatedAt,o1_0.verified,p1_0.projectName,p1_0.status,p1_0.weddingDate from project p1_0 left join users bm1_0 on bm1_0.id=p1_0.best_man left join guests g1_0 on bm1_0.id=g1_0.added_by join users b1_0 on b1_0.id=p1_0.bride join users g2_0 on g2_0.id=p1_0.groom left join users moh1_0 on moh1_0.id=p1_0.maid_of_honor left join users o1_0 on o1_0.id=p1_0.organizer where p1_0.id=?
Hibernate: select p1_0.id,bm1_0.id,bm1_0.createdAt,bm1_0.email,bm1_0.firstName,bm1_0.lastName,bm1_0.password,bm1_0.role,bm1_0.updatedAt,bm1_0.verified,g1_0.added_by,g1_0.guestId,g1_0.email,g1_0.entourage,g1_0.name,g1_0.phone,g1_0.projectId,g1_0.remarks,g1_0.rsvp,g1_0.title,p1_0.bride,b1_0.id,b1_0.createdAt,b1_0.email,b1_0.firstName,b1_0.lastName,b1_0.password,b1_0.role,b1_0.updatedAt,b1_0.verified,p1_0.groom,g2_0.id,g2_0.createdAt,g2_0.email,g2_0.firstName,g2_0.lastName,g2_0.password,g2_0.role,g2_0.updatedAt,g2_0.verified,moh1_0.id,moh1_0.createdAt,moh1_0.email,moh1_0.firstName,moh1_0.lastName,moh1_0.password,moh1_0.role,moh1_0.updatedAt,moh1_0.verified,o1_0.id,o1_0.createdAt,o1_0.email,o1_0.firstName,o1_0.lastName,o1_0.password,o1_0.role,o1_0.updatedAt,o1_0.verified,p1_0.projectName,p1_0.status,p1_0.weddingDate from project p1_0 left join users bm1_0 on bm1_0.id=p1_0.best_man left join guests g1_0 on bm1_0.id=g1_0.added_by join users b1_0 on b1_0.id=p1_0.bride join users g2_0 on g2_0.id=p1_0.groom left join users moh1_0 on moh1_0.id=p1_0.maid_of_honor left join users o1_0 on o1_0.id=p1_0.organizer where p1_0.id=?
2025-05-26T21:20:55.487+08:00 DEBUG 27456 --- [WeddingPlanner] [   scheduling-1] org.hibernate.SQL                        : select g1_0.added_by,g1_0.guestId,g1_0.email,g1_0.entourage,g1_0.name,g1_0.phone,g1_0.projectId,pi1_0.id,bm1_0.id,bm1_0.createdAt,bm1_0.email,bm1_0.firstName,bm1_0.lastName,bm1_0.password,bm1_0.role,bm1_0.updatedAt,bm1_0.verified,pi1_0.bride,b1_0.id,b1_0.createdAt,b1_0.email,b1_0.firstName,b1_0.lastName,b1_0.password,b1_0.role,b1_0.updatedAt,b1_0.verified,pi1_0.groom,g2_0.id,g2_0.createdAt,g2_0.email,g2_0.firstName,g2_0.lastName,g2_0.password,g2_0.role,g2_0.updatedAt,g2_0.verified,moh1_0.id,moh1_0.createdAt,moh1_0.email,moh1_0.firstName,moh1_0.lastName,moh1_0.password,moh1_0.role,moh1_0.updatedAt,moh1_0.verified,o1_0.id,o1_0.createdAt,o1_0.email,o1_0.firstName,o1_0.lastName,o1_0.password,o1_0.role,o1_0.updatedAt,o1_0.verified,pi1_0.projectName,pi1_0.status,pi1_0.weddingDate,g1_0.remarks,g1_0.rsvp,g1_0.title from guests g1_0 left join project pi1_0 on pi1_0.id=g1_0.projectId left join users bm1_0 on bm1_0.id=pi1_0.best_man left join users b1_0 on b1_0.id=pi1_0.bride left join users g2_0 on g2_0.id=pi1_0.groom left join users moh1_0 on moh1_0.id=pi1_0.maid_of_honor left join users o1_0 on o1_0.id=pi1_0.organizer where g1_0.added_by=?
Hibernate: select g1_0.added_by,g1_0.guestId,g1_0.email,g1_0.entourage,g1_0.name,g1_0.phone,g1_0.projectId,pi1_0.id,bm1_0.id,bm1_0.createdAt,bm1_0.email,bm1_0.firstName,bm1_0.lastName,bm1_0.password,bm1_0.role,bm1_0.updatedAt,bm1_0.verified,pi1_0.bride,b1_0.id,b1_0.createdAt,b1_0.email,b1_0.firstName,b1_0.lastName,b1_0.password,b1_0.role,b1_0.updatedAt,b1_0.verified,pi1_0.groom,g2_0.id,g2_0.createdAt,g2_0.email,g2_0.firstName,g2_0.lastName,g2_0.password,g2_0.role,g2_0.updatedAt,g2_0.verified,moh1_0.id,moh1_0.createdAt,moh1_0.email,moh1_0.firstName,moh1_0.lastName,moh1_0.password,moh1_0.role,moh1_0.updatedAt,moh1_0.verified,o1_0.id,o1_0.createdAt,o1_0.email,o1_0.firstName,o1_0.lastName,o1_0.password,o1_0.role,o1_0.updatedAt,o1_0.verified,pi1_0.projectName,pi1_0.status,pi1_0.weddingDate,g1_0.remarks,g1_0.rsvp,g1_0.title from guests g1_0 left join project pi1_0 on pi1_0.id=g1_0.projectId left join users bm1_0 on bm1_0.id=pi1_0.best_man left join users b1_0 on b1_0.id=pi1_0.bride left join users g2_0 on g2_0.id=pi1_0.groom left join users moh1_0 on moh1_0.id=pi1_0.maid_of_honor left join users o1_0 on o1_0.id=pi1_0.organizer where g1_0.added_by=?
2025-05-26T21:20:55.494+08:00 DEBUG 27456 --- [WeddingPlanner] [   scheduling-1] org.hibernate.SQL                        : select g1_0.added_by,g1_0.guestId,g1_0.email,g1_0.entourage,g1_0.name,g1_0.phone,g1_0.projectId,pi1_0.id,bm1_0.id,bm1_0.createdAt,bm1_0.email,bm1_0.firstName,bm1_0.lastName,bm1_0.password,bm1_0.role,bm1_0.updatedAt,bm1_0.verified,pi1_0.bride,b1_0.id,b1_0.createdAt,b1_0.email,b1_0.firstName,b1_0.lastName,b1_0.password,b1_0.role,b1_0.updatedAt,b1_0.verified,pi1_0.groom,g2_0.id,g2_0.createdAt,g2_0.email,g2_0.firstName,g2_0.lastName,g2_0.password,g2_0.role,g2_0.updatedAt,g2_0.verified,moh1_0.id,moh1_0.createdAt,moh1_0.email,moh1_0.firstName,moh1_0.lastName,moh1_0.password,moh1_0.role,moh1_0.updatedAt,moh1_0.verified,o1_0.id,o1_0.createdAt,o1_0.email,o1_0.firstName,o1_0.lastName,o1_0.password,o1_0.role,o1_0.updatedAt,o1_0.verified,pi1_0.projectName,pi1_0.status,pi1_0.weddingDate,g1_0.remarks,g1_0.rsvp,g1_0.title from guests g1_0 left join project pi1_0 on pi1_0.id=g1_0.projectId left join users bm1_0 on bm1_0.id=pi1_0.best_man left join users b1_0 on b1_0.id=pi1_0.bride left join users g2_0 on g2_0.id=pi1_0.groom left join users moh1_0 on moh1_0.id=pi1_0.maid_of_honor left join users o1_0 on o1_0.id=pi1_0.organizer where g1_0.added_by=?
Hibernate: select g1_0.added_by,g1_0.guestId,g1_0.email,g1_0.entourage,g1_0.name,g1_0.phone,g1_0.projectId,pi1_0.id,bm1_0.id,bm1_0.createdAt,bm1_0.email,bm1_0.firstName,bm1_0.lastName,bm1_0.password,bm1_0.role,bm1_0.updatedAt,bm1_0.verified,pi1_0.bride,b1_0.id,b1_0.createdAt,b1_0.email,b1_0.firstName,b1_0.lastName,b1_0.password,b1_0.role,b1_0.updatedAt,b1_0.verified,pi1_0.groom,g2_0.id,g2_0.createdAt,g2_0.email,g2_0.firstName,g2_0.lastName,g2_0.password,g2_0.role,g2_0.updatedAt,g2_0.verified,moh1_0.id,moh1_0.createdAt,moh1_0.email,moh1_0.firstName,moh1_0.lastName,moh1_0.password,moh1_0.role,moh1_0.updatedAt,moh1_0.verified,o1_0.id,o1_0.createdAt,o1_0.email,o1_0.firstName,o1_0.lastName,o1_0.password,o1_0.role,o1_0.updatedAt,o1_0.verified,pi1_0.projectName,pi1_0.status,pi1_0.weddingDate,g1_0.remarks,g1_0.rsvp,g1_0.title from guests g1_0 left join project pi1_0 on pi1_0.id=g1_0.projectId left join users bm1_0 on bm1_0.id=pi1_0.best_man left join users b1_0 on b1_0.id=pi1_0.bride left join users g2_0 on g2_0.id=pi1_0.groom left join users moh1_0 on moh1_0.id=pi1_0.maid_of_honor left join users o1_0 on o1_0.id=pi1_0.organizer where g1_0.added_by=?
2025-05-26T21:20:55.534+08:00 DEBUG 27456 --- [WeddingPlanner] [   scheduling-1] org.hibernate.SQL                        : select p1_0.id,bm1_0.id,bm1_0.createdAt,bm1_0.email,bm1_0.firstName,bm1_0.lastName,bm1_0.password,bm1_0.role,bm1_0.updatedAt,bm1_0.verified,g1_0.added_by,g1_0.guestId,g1_0.email,g1_0.entourage,g1_0.name,g1_0.phone,g1_0.projectId,g1_0.remarks,g1_0.rsvp,g1_0.title,p1_0.bride,b1_0.id,b1_0.createdAt,b1_0.email,b1_0.firstName,b1_0.lastName,b1_0.password,b1_0.role,b1_0.updatedAt,b1_0.verified,p1_0.groom,g2_0.id,g2_0.createdAt,g2_0.email,g2_0.firstName,g2_0.lastName,g2_0.password,g2_0.role,g2_0.updatedAt,g2_0.verified,moh1_0.id,moh1_0.createdAt,moh1_0.email,moh1_0.firstName,moh1_0.lastName,moh1_0.password,moh1_0.role,moh1_0.updatedAt,moh1_0.verified,o1_0.id,o1_0.createdAt,o1_0.email,o1_0.firstName,o1_0.lastName,o1_0.password,o1_0.role,o1_0.updatedAt,o1_0.verified,p1_0.projectName,p1_0.status,p1_0.weddingDate from project p1_0 left join users bm1_0 on bm1_0.id=p1_0.best_man left join guests g1_0 on bm1_0.id=g1_0.added_by join users b1_0 on b1_0.id=p1_0.bride join users g2_0 on g2_0.id=p1_0.groom left join users moh1_0 on moh1_0.id=p1_0.maid_of_honor left join users o1_0 on o1_0.id=p1_0.organizer where p1_0.id=?
Hibernate: select p1_0.id,bm1_0.id,bm1_0.createdAt,bm1_0.email,bm1_0.firstName,bm1_0.lastName,bm1_0.password,bm1_0.role,bm1_0.updatedAt,bm1_0.verified,g1_0.added_by,g1_0.guestId,g1_0.email,g1_0.entourage,g1_0.name,g1_0.phone,g1_0.projectId,g1_0.remarks,g1_0.rsvp,g1_0.title,p1_0.bride,b1_0.id,b1_0.createdAt,b1_0.email,b1_0.firstName,b1_0.lastName,b1_0.password,b1_0.role,b1_0.updatedAt,b1_0.verified,p1_0.groom,g2_0.id,g2_0.createdAt,g2_0.email,g2_0.firstName,g2_0.lastName,g2_0.password,g2_0.role,g2_0.updatedAt,g2_0.verified,moh1_0.id,moh1_0.createdAt,moh1_0.email,moh1_0.firstName,moh1_0.lastName,moh1_0.password,moh1_0.role,moh1_0.updatedAt,moh1_0.verified,o1_0.id,o1_0.createdAt,o1_0.email,o1_0.firstName,o1_0.lastName,o1_0.password,o1_0.role,o1_0.updatedAt,o1_0.verified,p1_0.projectName,p1_0.status,p1_0.weddingDate from project p1_0 left join users bm1_0 on bm1_0.id=p1_0.best_man left join guests g1_0 on bm1_0.id=g1_0.added_by join users b1_0 on b1_0.id=p1_0.bride join users g2_0 on g2_0.id=p1_0.groom left join users moh1_0 on moh1_0.id=p1_0.maid_of_honor left join users o1_0 on o1_0.id=p1_0.organizer where p1_0.id=?
2025-05-26T21:20:55.541+08:00 DEBUG 27456 --- [WeddingPlanner] [   scheduling-1] org.hibernate.SQL                        : select g1_0.added_by,g1_0.guestId,g1_0.email,g1_0.entourage,g1_0.name,g1_0.phone,g1_0.projectId,pi1_0.id,bm1_0.id,bm1_0.createdAt,bm1_0.email,bm1_0.firstName,bm1_0.lastName,bm1_0.password,bm1_0.role,bm1_0.updatedAt,bm1_0.verified,pi1_0.bride,b1_0.id,b1_0.createdAt,b1_0.email,b1_0.firstName,b1_0.lastName,b1_0.password,b1_0.role,b1_0.updatedAt,b1_0.verified,pi1_0.groom,g2_0.id,g2_0.createdAt,g2_0.email,g2_0.firstName,g2_0.lastName,g2_0.password,g2_0.role,g2_0.updatedAt,g2_0.verified,moh1_0.id,moh1_0.createdAt,moh1_0.email,moh1_0.firstName,moh1_0.lastName,moh1_0.password,moh1_0.role,moh1_0.updatedAt,moh1_0.verified,o1_0.id,o1_0.createdAt,o1_0.email,o1_0.firstName,o1_0.lastName,o1_0.password,o1_0.role,o1_0.updatedAt,o1_0.verified,pi1_0.projectName,pi1_0.status,pi1_0.weddingDate,g1_0.remarks,g1_0.rsvp,g1_0.title from guests g1_0 left join project pi1_0 on pi1_0.id=g1_0.projectId left join users bm1_0 on bm1_0.id=pi1_0.best_man left join users b1_0 on b1_0.id=pi1_0.bride left join users g2_0 on g2_0.id=pi1_0.groom left join users moh1_0 on moh1_0.id=pi1_0.maid_of_honor left join users o1_0 on o1_0.id=pi1_0.organizer where g1_0.added_by=?
Hibernate: select g1_0.added_by,g1_0.guestId,g1_0.email,g1_0.entourage,g1_0.name,g1_0.phone,g1_0.projectId,pi1_0.id,bm1_0.id,bm1_0.createdAt,bm1_0.email,bm1_0.firstName,bm1_0.lastName,bm1_0.password,bm1_0.role,bm1_0.updatedAt,bm1_0.verified,pi1_0.bride,b1_0.id,b1_0.createdAt,b1_0.email,b1_0.firstName,b1_0.lastName,b1_0.password,b1_0.role,b1_0.updatedAt,b1_0.verified,pi1_0.groom,g2_0.id,g2_0.createdAt,g2_0.email,g2_0.firstName,g2_0.lastName,g2_0.password,g2_0.role,g2_0.updatedAt,g2_0.verified,moh1_0.id,moh1_0.createdAt,moh1_0.email,moh1_0.firstName,moh1_0.lastName,moh1_0.password,moh1_0.role,moh1_0.updatedAt,moh1_0.verified,o1_0.id,o1_0.createdAt,o1_0.email,o1_0.firstName,o1_0.lastName,o1_0.password,o1_0.role,o1_0.updatedAt,o1_0.verified,pi1_0.projectName,pi1_0.status,pi1_0.weddingDate,g1_0.remarks,g1_0.rsvp,g1_0.title from guests g1_0 left join project pi1_0 on pi1_0.id=g1_0.projectId left join users bm1_0 on bm1_0.id=pi1_0.best_man left join users b1_0 on b1_0.id=pi1_0.bride left join users g2_0 on g2_0.id=pi1_0.groom left join users moh1_0 on moh1_0.id=pi1_0.maid_of_honor left join users o1_0 on o1_0.id=pi1_0.organizer where g1_0.added_by=?
2025-05-26T21:20:55.545+08:00 DEBUG 27456 --- [WeddingPlanner] [   scheduling-1] org.hibernate.SQL                        : select g1_0.added_by,g1_0.guestId,g1_0.email,g1_0.entourage,g1_0.name,g1_0.phone,g1_0.projectId,pi1_0.id,bm1_0.id,bm1_0.createdAt,bm1_0.email,bm1_0.firstName,bm1_0.lastName,bm1_0.password,bm1_0.role,bm1_0.updatedAt,bm1_0.verified,pi1_0.bride,b1_0.id,b1_0.createdAt,b1_0.email,b1_0.firstName,b1_0.lastName,b1_0.password,b1_0.role,b1_0.updatedAt,b1_0.verified,pi1_0.groom,g2_0.id,g2_0.createdAt,g2_0.email,g2_0.firstName,g2_0.lastName,g2_0.password,g2_0.role,g2_0.updatedAt,g2_0.verified,moh1_0.id,moh1_0.createdAt,moh1_0.email,moh1_0.firstName,moh1_0.lastName,moh1_0.password,moh1_0.role,moh1_0.updatedAt,moh1_0.verified,o1_0.id,o1_0.createdAt,o1_0.email,o1_0.firstName,o1_0.lastName,o1_0.password,o1_0.role,o1_0.updatedAt,o1_0.verified,pi1_0.projectName,pi1_0.status,pi1_0.weddingDate,g1_0.remarks,g1_0.rsvp,g1_0.title from guests g1_0 left join project pi1_0 on pi1_0.id=g1_0.projectId left join users bm1_0 on bm1_0.id=pi1_0.best_man left join users b1_0 on b1_0.id=pi1_0.bride left join users g2_0 on g2_0.id=pi1_0.groom left join users moh1_0 on moh1_0.id=pi1_0.maid_of_honor left join users o1_0 on o1_0.id=pi1_0.organizer where g1_0.added_by=?
Hibernate: select g1_0.added_by,g1_0.guestId,g1_0.email,g1_0.entourage,g1_0.name,g1_0.phone,g1_0.projectId,pi1_0.id,bm1_0.id,bm1_0.createdAt,bm1_0.email,bm1_0.firstName,bm1_0.lastName,bm1_0.password,bm1_0.role,bm1_0.updatedAt,bm1_0.verified,pi1_0.bride,b1_0.id,b1_0.createdAt,b1_0.email,b1_0.firstName,b1_0.lastName,b1_0.password,b1_0.role,b1_0.updatedAt,b1_0.verified,pi1_0.groom,g2_0.id,g2_0.createdAt,g2_0.email,g2_0.firstName,g2_0.lastName,g2_0.password,g2_0.role,g2_0.updatedAt,g2_0.verified,moh1_0.id,moh1_0.createdAt,moh1_0.email,moh1_0.firstName,moh1_0.lastName,moh1_0.password,moh1_0.role,moh1_0.updatedAt,moh1_0.verified,o1_0.id,o1_0.createdAt,o1_0.email,o1_0.firstName,o1_0.lastName,o1_0.password,o1_0.role,o1_0.updatedAt,o1_0.verified,pi1_0.projectName,pi1_0.status,pi1_0.weddingDate,g1_0.remarks,g1_0.rsvp,g1_0.title from guests g1_0 left join project pi1_0 on pi1_0.id=g1_0.projectId left join users bm1_0 on bm1_0.id=pi1_0.best_man left join users b1_0 on b1_0.id=pi1_0.bride left join users g2_0 on g2_0.id=pi1_0.groom left join users moh1_0 on moh1_0.id=pi1_0.maid_of_honor left join users o1_0 on o1_0.id=pi1_0.organizer where g1_0.added_by=?
2025-05-26T21:20:55.551+08:00 DEBUG 27456 --- [WeddingPlanner] [   scheduling-1] org.hibernate.SQL                        : select p1_0.id,bm1_0.id,bm1_0.createdAt,bm1_0.email,bm1_0.firstName,bm1_0.lastName,bm1_0.password,bm1_0.role,bm1_0.updatedAt,bm1_0.verified,g1_0.added_by,g1_0.guestId,g1_0.email,g1_0.entourage,g1_0.name,g1_0.phone,g1_0.projectId,g1_0.remarks,g1_0.rsvp,g1_0.title,p1_0.bride,b1_0.id,b1_0.createdAt,b1_0.email,b1_0.firstName,b1_0.lastName,b1_0.password,b1_0.role,b1_0.updatedAt,b1_0.verified,p1_0.groom,g2_0.id,g2_0.createdAt,g2_0.email,g2_0.firstName,g2_0.lastName,g2_0.password,g2_0.role,g2_0.updatedAt,g2_0.verified,moh1_0.id,moh1_0.createdAt,moh1_0.email,moh1_0.firstName,moh1_0.lastName,moh1_0.password,moh1_0.role,moh1_0.updatedAt,moh1_0.verified,o1_0.id,o1_0.createdAt,o1_0.email,o1_0.firstName,o1_0.lastName,o1_0.password,o1_0.role,o1_0.updatedAt,o1_0.verified,p1_0.projectName,p1_0.status,p1_0.weddingDate from project p1_0 left join users bm1_0 on bm1_0.id=p1_0.best_man left join guests g1_0 on bm1_0.id=g1_0.added_by join users b1_0 on b1_0.id=p1_0.bride join users g2_0 on g2_0.id=p1_0.groom left join users moh1_0 on moh1_0.id=p1_0.maid_of_honor left join users o1_0 on o1_0.id=p1_0.organizer where p1_0.id=?
Hibernate: select p1_0.id,bm1_0.id,bm1_0.createdAt,bm1_0.email,bm1_0.firstName,bm1_0.lastName,bm1_0.password,bm1_0.role,bm1_0.updatedAt,bm1_0.verified,g1_0.added_by,g1_0.guestId,g1_0.email,g1_0.entourage,g1_0.name,g1_0.phone,g1_0.projectId,g1_0.remarks,g1_0.rsvp,g1_0.title,p1_0.bride,b1_0.id,b1_0.createdAt,b1_0.email,b1_0.firstName,b1_0.lastName,b1_0.password,b1_0.role,b1_0.updatedAt,b1_0.verified,p1_0.groom,g2_0.id,g2_0.createdAt,g2_0.email,g2_0.firstName,g2_0.lastName,g2_0.password,g2_0.role,g2_0.updatedAt,g2_0.verified,moh1_0.id,moh1_0.createdAt,moh1_0.email,moh1_0.firstName,moh1_0.lastName,moh1_0.password,moh1_0.role,moh1_0.updatedAt,moh1_0.verified,o1_0.id,o1_0.createdAt,o1_0.email,o1_0.firstName,o1_0.lastName,o1_0.password,o1_0.role,o1_0.updatedAt,o1_0.verified,p1_0.projectName,p1_0.status,p1_0.weddingDate from project p1_0 left join users bm1_0 on bm1_0.id=p1_0.best_man left join guests g1_0 on bm1_0.id=g1_0.added_by join users b1_0 on b1_0.id=p1_0.bride join users g2_0 on g2_0.id=p1_0.groom left join users moh1_0 on moh1_0.id=p1_0.maid_of_honor left join users o1_0 on o1_0.id=p1_0.organizer where p1_0.id=?
2025-05-26T21:20:55.557+08:00 DEBUG 27456 --- [WeddingPlanner] [   scheduling-1] org.hibernate.SQL                        : select g1_0.added_by,g1_0.guestId,g1_0.email,g1_0.entourage,g1_0.name,g1_0.phone,g1_0.projectId,pi1_0.id,bm1_0.id,bm1_0.createdAt,bm1_0.email,bm1_0.firstName,bm1_0.lastName,bm1_0.password,bm1_0.role,bm1_0.updatedAt,bm1_0.verified,pi1_0.bride,b1_0.id,b1_0.createdAt,b1_0.email,b1_0.firstName,b1_0.lastName,b1_0.password,b1_0.role,b1_0.updatedAt,b1_0.verified,pi1_0.groom,g2_0.id,g2_0.createdAt,g2_0.email,g2_0.firstName,g2_0.lastName,g2_0.password,g2_0.role,g2_0.updatedAt,g2_0.verified,moh1_0.id,moh1_0.createdAt,moh1_0.email,moh1_0.firstName,moh1_0.lastName,moh1_0.password,moh1_0.role,moh1_0.updatedAt,moh1_0.verified,o1_0.id,o1_0.createdAt,o1_0.email,o1_0.firstName,o1_0.lastName,o1_0.password,o1_0.role,o1_0.updatedAt,o1_0.verified,pi1_0.projectName,pi1_0.status,pi1_0.weddingDate,g1_0.remarks,g1_0.rsvp,g1_0.title from guests g1_0 left join project pi1_0 on pi1_0.id=g1_0.projectId left join users bm1_0 on bm1_0.id=pi1_0.best_man left join users b1_0 on b1_0.id=pi1_0.bride left join users g2_0 on g2_0.id=pi1_0.groom left join users moh1_0 on moh1_0.id=pi1_0.maid_of_honor left join users o1_0 on o1_0.id=pi1_0.organizer where g1_0.added_by=?
Hibernate: select g1_0.added_by,g1_0.guestId,g1_0.email,g1_0.entourage,g1_0.name,g1_0.phone,g1_0.projectId,pi1_0.id,bm1_0.id,bm1_0.createdAt,bm1_0.email,bm1_0.firstName,bm1_0.lastName,bm1_0.password,bm1_0.role,bm1_0.updatedAt,bm1_0.verified,pi1_0.bride,b1_0.id,b1_0.createdAt,b1_0.email,b1_0.firstName,b1_0.lastName,b1_0.password,b1_0.role,b1_0.updatedAt,b1_0.verified,pi1_0.groom,g2_0.id,g2_0.createdAt,g2_0.email,g2_0.firstName,g2_0.lastName,g2_0.password,g2_0.role,g2_0.updatedAt,g2_0.verified,moh1_0.id,moh1_0.createdAt,moh1_0.email,moh1_0.firstName,moh1_0.lastName,moh1_0.password,moh1_0.role,moh1_0.updatedAt,moh1_0.verified,o1_0.id,o1_0.createdAt,o1_0.email,o1_0.firstName,o1_0.lastName,o1_0.password,o1_0.role,o1_0.updatedAt,o1_0.verified,pi1_0.projectName,pi1_0.status,pi1_0.weddingDate,g1_0.remarks,g1_0.rsvp,g1_0.title from guests g1_0 left join project pi1_0 on pi1_0.id=g1_0.projectId left join users bm1_0 on bm1_0.id=pi1_0.best_man left join users b1_0 on b1_0.id=pi1_0.bride left join users g2_0 on g2_0.id=pi1_0.groom left join users moh1_0 on moh1_0.id=pi1_0.maid_of_honor left join users o1_0 on o1_0.id=pi1_0.organizer where g1_0.added_by=?
2025-05-26T21:20:55.572+08:00 DEBUG 27456 --- [WeddingPlanner] [   scheduling-1] org.hibernate.SQL                        : select g1_0.added_by,g1_0.guestId,g1_0.email,g1_0.entourage,g1_0.name,g1_0.phone,g1_0.projectId,pi1_0.id,bm1_0.id,bm1_0.createdAt,bm1_0.email,bm1_0.firstName,bm1_0.lastName,bm1_0.password,bm1_0.role,bm1_0.updatedAt,bm1_0.verified,pi1_0.bride,b1_0.id,b1_0.createdAt,b1_0.email,b1_0.firstName,b1_0.lastName,b1_0.password,b1_0.role,b1_0.updatedAt,b1_0.verified,pi1_0.groom,g2_0.id,g2_0.createdAt,g2_0.email,g2_0.firstName,g2_0.lastName,g2_0.password,g2_0.role,g2_0.updatedAt,g2_0.verified,moh1_0.id,moh1_0.createdAt,moh1_0.email,moh1_0.firstName,moh1_0.lastName,moh1_0.password,moh1_0.role,moh1_0.updatedAt,moh1_0.verified,o1_0.id,o1_0.createdAt,o1_0.email,o1_0.firstName,o1_0.lastName,o1_0.password,o1_0.role,o1_0.updatedAt,o1_0.verified,pi1_0.projectName,pi1_0.status,pi1_0.weddingDate,g1_0.remarks,g1_0.rsvp,g1_0.title from guests g1_0 left join project pi1_0 on pi1_0.id=g1_0.projectId left join users bm1_0 on bm1_0.id=pi1_0.best_man left join users b1_0 on b1_0.id=pi1_0.bride left join users g2_0 on g2_0.id=pi1_0.groom left join users moh1_0 on moh1_0.id=pi1_0.maid_of_honor left join users o1_0 on o1_0.id=pi1_0.organizer where g1_0.added_by=?
Hibernate: select g1_0.added_by,g1_0.guestId,g1_0.email,g1_0.entourage,g1_0.name,g1_0.phone,g1_0.projectId,pi1_0.id,bm1_0.id,bm1_0.createdAt,bm1_0.email,bm1_0.firstName,bm1_0.lastName,bm1_0.password,bm1_0.role,bm1_0.updatedAt,bm1_0.verified,pi1_0.bride,b1_0.id,b1_0.createdAt,b1_0.email,b1_0.firstName,b1_0.lastName,b1_0.password,b1_0.role,b1_0.updatedAt,b1_0.verified,pi1_0.groom,g2_0.id,g2_0.createdAt,g2_0.email,g2_0.firstName,g2_0.lastName,g2_0.password,g2_0.role,g2_0.updatedAt,g2_0.verified,moh1_0.id,moh1_0.createdAt,moh1_0.email,moh1_0.firstName,moh1_0.lastName,moh1_0.password,moh1_0.role,moh1_0.updatedAt,moh1_0.verified,o1_0.id,o1_0.createdAt,o1_0.email,o1_0.firstName,o1_0.lastName,o1_0.password,o1_0.role,o1_0.updatedAt,o1_0.verified,pi1_0.projectName,pi1_0.status,pi1_0.weddingDate,g1_0.remarks,g1_0.rsvp,g1_0.title from guests g1_0 left join project pi1_0 on pi1_0.id=g1_0.projectId left join users bm1_0 on bm1_0.id=pi1_0.best_man left join users b1_0 on b1_0.id=pi1_0.bride left join users g2_0 on g2_0.id=pi1_0.groom left join users moh1_0 on moh1_0.id=pi1_0.maid_of_honor left join users o1_0 on o1_0.id=pi1_0.organizer where g1_0.added_by=?
2025-05-26T21:20:55.595+08:00 DEBUG 27456 --- [WeddingPlanner] [   scheduling-1] org.hibernate.SQL                        : select p1_0.id,bm1_0.id,bm1_0.createdAt,bm1_0.email,bm1_0.firstName,bm1_0.lastName,bm1_0.password,bm1_0.role,bm1_0.updatedAt,bm1_0.verified,g1_0.added_by,g1_0.guestId,g1_0.email,g1_0.entourage,g1_0.name,g1_0.phone,g1_0.projectId,g1_0.remarks,g1_0.rsvp,g1_0.title,p1_0.bride,b1_0.id,b1_0.createdAt,b1_0.email,b1_0.firstName,b1_0.lastName,b1_0.password,b1_0.role,b1_0.updatedAt,b1_0.verified,p1_0.groom,g2_0.id,g2_0.createdAt,g2_0.email,g2_0.firstName,g2_0.lastName,g2_0.password,g2_0.role,g2_0.updatedAt,g2_0.verified,moh1_0.id,moh1_0.createdAt,moh1_0.email,moh1_0.firstName,moh1_0.lastName,moh1_0.password,moh1_0.role,moh1_0.updatedAt,moh1_0.verified,o1_0.id,o1_0.createdAt,o1_0.email,o1_0.firstName,o1_0.lastName,o1_0.password,o1_0.role,o1_0.updatedAt,o1_0.verified,p1_0.projectName,p1_0.status,p1_0.weddingDate from project p1_0 left join users bm1_0 on bm1_0.id=p1_0.best_man left join guests g1_0 on bm1_0.id=g1_0.added_by join users b1_0 on b1_0.id=p1_0.bride join users g2_0 on g2_0.id=p1_0.groom left join users moh1_0 on moh1_0.id=p1_0.maid_of_honor left join users o1_0 on o1_0.id=p1_0.organizer where p1_0.id=?
Hibernate: select p1_0.id,bm1_0.id,bm1_0.createdAt,bm1_0.email,bm1_0.firstName,bm1_0.lastName,bm1_0.password,bm1_0.role,bm1_0.updatedAt,bm1_0.verified,g1_0.added_by,g1_0.guestId,g1_0.email,g1_0.entourage,g1_0.name,g1_0.phone,g1_0.projectId,g1_0.remarks,g1_0.rsvp,g1_0.title,p1_0.bride,b1_0.id,b1_0.createdAt,b1_0.email,b1_0.firstName,b1_0.lastName,b1_0.password,b1_0.role,b1_0.updatedAt,b1_0.verified,p1_0.groom,g2_0.id,g2_0.createdAt,g2_0.email,g2_0.firstName,g2_0.lastName,g2_0.password,g2_0.role,g2_0.updatedAt,g2_0.verified,moh1_0.id,moh1_0.createdAt,moh1_0.email,moh1_0.firstName,moh1_0.lastName,moh1_0.password,moh1_0.role,moh1_0.updatedAt,moh1_0.verified,o1_0.id,o1_0.createdAt,o1_0.email,o1_0.firstName,o1_0.lastName,o1_0.password,o1_0.role,o1_0.updatedAt,o1_0.verified,p1_0.projectName,p1_0.status,p1_0.weddingDate from project p1_0 left join users bm1_0 on bm1_0.id=p1_0.best_man left join guests g1_0 on bm1_0.id=g1_0.added_by join users b1_0 on b1_0.id=p1_0.bride join users g2_0 on g2_0.id=p1_0.groom left join users moh1_0 on moh1_0.id=p1_0.maid_of_honor left join users o1_0 on o1_0.id=p1_0.organizer where p1_0.id=?
2025-05-26T21:20:55.614+08:00 DEBUG 27456 --- [WeddingPlanner] [   scheduling-1] org.hibernate.SQL                        : select g1_0.added_by,g1_0.guestId,g1_0.email,g1_0.entourage,g1_0.name,g1_0.phone,g1_0.projectId,pi1_0.id,bm1_0.id,bm1_0.createdAt,bm1_0.email,bm1_0.firstName,bm1_0.lastName,bm1_0.password,bm1_0.role,bm1_0.updatedAt,bm1_0.verified,pi1_0.bride,b1_0.id,b1_0.createdAt,b1_0.email,b1_0.firstName,b1_0.lastName,b1_0.password,b1_0.role,b1_0.updatedAt,b1_0.verified,pi1_0.groom,g2_0.id,g2_0.createdAt,g2_0.email,g2_0.firstName,g2_0.lastName,g2_0.password,g2_0.role,g2_0.updatedAt,g2_0.verified,moh1_0.id,moh1_0.createdAt,moh1_0.email,moh1_0.firstName,moh1_0.lastName,moh1_0.password,moh1_0.role,moh1_0.updatedAt,moh1_0.verified,o1_0.id,o1_0.createdAt,o1_0.email,o1_0.firstName,o1_0.lastName,o1_0.password,o1_0.role,o1_0.updatedAt,o1_0.verified,pi1_0.projectName,pi1_0.status,pi1_0.weddingDate,g1_0.remarks,g1_0.rsvp,g1_0.title from guests g1_0 left join project pi1_0 on pi1_0.id=g1_0.projectId left join users bm1_0 on bm1_0.id=pi1_0.best_man left join users b1_0 on b1_0.id=pi1_0.bride left join users g2_0 on g2_0.id=pi1_0.groom left join users moh1_0 on moh1_0.id=pi1_0.maid_of_honor left join users o1_0 on o1_0.id=pi1_0.organizer where g1_0.added_by=?
Hibernate: select g1_0.added_by,g1_0.guestId,g1_0.email,g1_0.entourage,g1_0.name,g1_0.phone,g1_0.projectId,pi1_0.id,bm1_0.id,bm1_0.createdAt,bm1_0.email,bm1_0.firstName,bm1_0.lastName,bm1_0.password,bm1_0.role,bm1_0.updatedAt,bm1_0.verified,pi1_0.bride,b1_0.id,b1_0.createdAt,b1_0.email,b1_0.firstName,b1_0.lastName,b1_0.password,b1_0.role,b1_0.updatedAt,b1_0.verified,pi1_0.groom,g2_0.id,g2_0.createdAt,g2_0.email,g2_0.firstName,g2_0.lastName,g2_0.password,g2_0.role,g2_0.updatedAt,g2_0.verified,moh1_0.id,moh1_0.createdAt,moh1_0.email,moh1_0.firstName,moh1_0.lastName,moh1_0.password,moh1_0.role,moh1_0.updatedAt,moh1_0.verified,o1_0.id,o1_0.createdAt,o1_0.email,o1_0.firstName,o1_0.lastName,o1_0.password,o1_0.role,o1_0.updatedAt,o1_0.verified,pi1_0.projectName,pi1_0.status,pi1_0.weddingDate,g1_0.remarks,g1_0.rsvp,g1_0.title from guests g1_0 left join project pi1_0 on pi1_0.id=g1_0.projectId left join users bm1_0 on bm1_0.id=pi1_0.best_man left join users b1_0 on b1_0.id=pi1_0.bride left join users g2_0 on g2_0.id=pi1_0.groom left join users moh1_0 on moh1_0.id=pi1_0.maid_of_honor left join users o1_0 on o1_0.id=pi1_0.organizer where g1_0.added_by=?
2025-05-26T21:20:55.641+08:00 DEBUG 27456 --- [WeddingPlanner] [   scheduling-1] org.hibernate.SQL                        : select g1_0.added_by,g1_0.guestId,g1_0.email,g1_0.entourage,g1_0.name,g1_0.phone,g1_0.projectId,pi1_0.id,bm1_0.id,bm1_0.createdAt,bm1_0.email,bm1_0.firstName,bm1_0.lastName,bm1_0.password,bm1_0.role,bm1_0.updatedAt,bm1_0.verified,pi1_0.bride,b1_0.id,b1_0.createdAt,b1_0.email,b1_0.firstName,b1_0.lastName,b1_0.password,b1_0.role,b1_0.updatedAt,b1_0.verified,pi1_0.groom,g2_0.id,g2_0.createdAt,g2_0.email,g2_0.firstName,g2_0.lastName,g2_0.password,g2_0.role,g2_0.updatedAt,g2_0.verified,moh1_0.id,moh1_0.createdAt,moh1_0.email,moh1_0.firstName,moh1_0.lastName,moh1_0.password,moh1_0.role,moh1_0.updatedAt,moh1_0.verified,o1_0.id,o1_0.createdAt,o1_0.email,o1_0.firstName,o1_0.lastName,o1_0.password,o1_0.role,o1_0.updatedAt,o1_0.verified,pi1_0.projectName,pi1_0.status,pi1_0.weddingDate,g1_0.remarks,g1_0.rsvp,g1_0.title from guests g1_0 left join project pi1_0 on pi1_0.id=g1_0.projectId left join users bm1_0 on bm1_0.id=pi1_0.best_man left join users b1_0 on b1_0.id=pi1_0.bride left join users g2_0 on g2_0.id=pi1_0.groom left join users moh1_0 on moh1_0.id=pi1_0.maid_of_honor left join users o1_0 on o1_0.id=pi1_0.organizer where g1_0.added_by=?
Hibernate: select g1_0.added_by,g1_0.guestId,g1_0.email,g1_0.entourage,g1_0.name,g1_0.phone,g1_0.projectId,pi1_0.id,bm1_0.id,bm1_0.createdAt,bm1_0.email,bm1_0.firstName,bm1_0.lastName,bm1_0.password,bm1_0.role,bm1_0.updatedAt,bm1_0.verified,pi1_0.bride,b1_0.id,b1_0.createdAt,b1_0.email,b1_0.firstName,b1_0.lastName,b1_0.password,b1_0.role,b1_0.updatedAt,b1_0.verified,pi1_0.groom,g2_0.id,g2_0.createdAt,g2_0.email,g2_0.firstName,g2_0.lastName,g2_0.password,g2_0.role,g2_0.updatedAt,g2_0.verified,moh1_0.id,moh1_0.createdAt,moh1_0.email,moh1_0.firstName,moh1_0.lastName,moh1_0.password,moh1_0.role,moh1_0.updatedAt,moh1_0.verified,o1_0.id,o1_0.createdAt,o1_0.email,o1_0.firstName,o1_0.lastName,o1_0.password,o1_0.role,o1_0.updatedAt,o1_0.verified,pi1_0.projectName,pi1_0.status,pi1_0.weddingDate,g1_0.remarks,g1_0.rsvp,g1_0.title from guests g1_0 left join project pi1_0 on pi1_0.id=g1_0.projectId left join users bm1_0 on bm1_0.id=pi1_0.best_man left join users b1_0 on b1_0.id=pi1_0.bride left join users g2_0 on g2_0.id=pi1_0.groom left join users moh1_0 on moh1_0.id=pi1_0.maid_of_honor left join users o1_0 on o1_0.id=pi1_0.organizer where g1_0.added_by=?
2025-05-26T21:20:55.811+08:00 DEBUG 27456 --- [WeddingPlanner] [   scheduling-1] org.hibernate.SQL                        : select vt1_0.id,vt1_0.expiryDate,vt1_0.token,vt1_0.user_id from VerificationToken vt1_0 where vt1_0.expiryDate<?
Hibernate: select vt1_0.id,vt1_0.expiryDate,vt1_0.token,vt1_0.user_id from VerificationToken vt1_0 where vt1_0.expiryDate<?
2025-05-26T21:20:55.818+08:00 DEBUG 27456 --- [WeddingPlanner] [   scheduling-1] org.hibernate.SQL                        : select rpt1_0.id,rpt1_0.expiryDate,rpt1_0.token,rpt1_0.user_id from ResetPasswordToken rpt1_0 where rpt1_0.expiryDate<?
Hibernate: select rpt1_0.id,rpt1_0.expiryDate,rpt1_0.token,rpt1_0.user_id from ResetPasswordToken rpt1_0 where rpt1_0.expiryDate<?
]]></system-out>
    <system-err><![CDATA[WARNING: A Java agent has been loaded dynamically (C:\Users\ryll\.m2\repository\net\bytebuddy\byte-buddy-agent\1.14.12\byte-buddy-agent-1.14.12.jar)
WARNING: If a serviceability tool is in use, please run with -XX:+EnableDynamicAgentLoading to hide this warning
WARNING: If a serviceability tool is not in use, please run with -Djdk.instrument.traceUsage for more information
WARNING: Dynamic loading of agents will be disallowed by default in a future release
]]></system-err>
  </testcase>
</testsuite>